<?xml version="1.0" encoding="UTF-8"?>
<!-- Generated by org.testng.reporters.JUnitReportReporter -->
<testsuite hostname="Nag" failures="0" tests="3" name="apr3.BeforeTestNGClass" time="1.274" errors="0" timestamp="2024-04-27T17:50:10 IST" skipped="0">
  <testcase classname="apr3.BeforeTestNGClass" name="ibanking" time="0.335"/>
  <system-out>
    <![CDATA[Executing ibanking Test]]>
  </system-out>
  <testcase classname="apr3.BeforeTestNGClass" name="pbanking" time="0.630"/>
  <system-out>
    <![CDATA[Executing pbanking Test]]>
  </system-out>
  <testcase classname="apr3.BeforeTestNGClass" name="cbanking" time="0.309"/>
  <system-out>
    <![CDATA[Executing cbanking Test]]>
  </system-out>
</testsuite> <!-- apr3.BeforeTestNGClass -->
