<?xml version="1.0" encoding="UTF-8"?>
<!-- Generated by org.testng.reporters.JUnitReportReporter -->
<testsuite hostname="Nag" failures="0" tests="3" name="apr3.PriorityIgnoreTestNgClass" time="8.929" errors="0" timestamp="2024-04-27T17:50:10 IST" skipped="1">
  <testcase classname="apr3.PriorityIgnoreTestNgClass" name="leave" time="4.621"/>
  <system-out>
    <![CDATA[Executing Leave Test]]>
  </system-out>
  <testcase classname="apr3.PriorityIgnoreTestNgClass" name="admin" time="4.308"/>
  <system-out>
    <![CDATA[Executing Admin Test]]>
  </system-out>
  <testcase classname="apr3.PriorityIgnoreTestNgClass" name="pim">
    <skipped/>
  </testcase> <!-- pim -->
  <system-out/>
</testsuite> <!-- apr3.PriorityIgnoreTestNgClass -->
