<?xml version="1.0" encoding="UTF-8"?>
<!-- Generated by org.testng.reporters.JUnitReportReporter -->
<testsuite hostname="Nag" failures="0" tests="5" name="apr4.Using_DataProvider" time="16.208" errors="0" timestamp="2024-04-27T19:16:54 IST" skipped="0">
  <testcase classname="apr4.Using_DataProvider" name="verify_Login" time="2.787"/>
  <system-out>
    <![CDATA[Login Fail::dashboard     http://orangehrm.qedgetech.com/symfony/web/index.php/auth/validateCredentials]]>
  </system-out>
  <testcase classname="apr4.Using_DataProvider" name="verify_Login" time="3.187"/>
  <system-out>
    <![CDATA[Login Success::dashboard     http://orangehrm.qedgetech.com/symfony/web/index.php/dashboard]]>
  </system-out>
  <testcase classname="apr4.Using_DataProvider" name="verify_Login" time="2.831"/>
  <system-out>
    <![CDATA[Login Fail::dashboard     http://orangehrm.qedgetech.com/symfony/web/index.php/auth/validateCredentials]]>
  </system-out>
  <testcase classname="apr4.Using_DataProvider" name="verify_Login" time="4.268"/>
  <system-out>
    <![CDATA[Login Success::dashboard     http://orangehrm.qedgetech.com/symfony/web/index.php/dashboard]]>
  </system-out>
  <testcase classname="apr4.Using_DataProvider" name="verify_Login" time="3.135"/>
  <system-out>
    <![CDATA[Login Success::dashboard     http://orangehrm.qedgetech.com/symfony/web/index.php/dashboard]]>
  </system-out>
</testsuite> <!-- apr4.Using_DataProvider -->
