<?xml version="1.0" encoding="UTF-8"?>
<!-- Generated by org.testng.reporters.JUnitReportReporter -->
<testsuite hostname="Nag" failures="0" tests="7" name="apr3.InvocationCountTestNgClass" time="31.224" errors="0" timestamp="2024-04-27T17:50:10 IST" skipped="0">
  <testcase classname="apr3.InvocationCountTestNgClass" name="pim" time="4.189"/>
  <system-out>
    <![CDATA[Executing PIM Test]]>
  </system-out>
  <testcase classname="apr3.InvocationCountTestNgClass" name="leave" time="4.178"/>
  <system-out>
    <![CDATA[Executing Leave Test]]>
  </system-out>
  <testcase classname="apr3.InvocationCountTestNgClass" name="admin" time="6.012"/>
  <system-out>
    <![CDATA[Executing Admin Test]]>
  </system-out>
  <testcase classname="apr3.InvocationCountTestNgClass" name="admin" time="4.282"/>
  <system-out>
    <![CDATA[Executing Admin Test]]>
  </system-out>
  <testcase classname="apr3.InvocationCountTestNgClass" name="admin" time="4.229"/>
  <system-out>
    <![CDATA[Executing Admin Test]]>
  </system-out>
  <testcase classname="apr3.InvocationCountTestNgClass" name="admin" time="4.010"/>
  <system-out>
    <![CDATA[Executing Admin Test]]>
  </system-out>
  <testcase classname="apr3.InvocationCountTestNgClass" name="admin" time="4.324"/>
  <system-out>
    <![CDATA[Executing Admin Test]]>
  </system-out>
</testsuite> <!-- apr3.InvocationCountTestNgClass -->
