<?xml version="1.0" encoding="UTF-8"?>
<!-- Generated by org.testng.reporters.JUnitReportReporter -->
<testsuite hostname="Nag" failures="0" tests="3" name="apr3.FirstTestNGClass" time="1.176" errors="0" timestamp="2024-04-27T12:03:07 IST" skipped="0">
  <testcase classname="apr3.FirstTestNGClass" name="ibanking" time="0.298"/>
  <system-out>
    <![CDATA[Executing ibanking Test]]>
  </system-out>
  <testcase classname="apr3.FirstTestNGClass" name="pbanking" time="0.586"/>
  <system-out>
    <![CDATA[Executing pbanking Test]]>
  </system-out>
  <testcase classname="apr3.FirstTestNGClass" name="cbanking" time="0.292"/>
  <system-out>
    <![CDATA[Executing cbanking Test]]>
  </system-out>
</testsuite> <!-- apr3.FirstTestNGClass -->
