<?xml version="1.0" encoding="UTF-8"?>
<!-- Generated by org.testng.reporters.JUnitReportReporter -->
<testsuite hostname="Nag" failures="0" tests="3" name="apr3.PriorityTestNGClass" time="13.193" errors="0" timestamp="2024-04-27T17:50:10 IST" skipped="0">
  <testcase classname="apr3.PriorityTestNGClass" name="pim" time="4.004"/>
  <system-out>
    <![CDATA[Executing PIM Test]]>
  </system-out>
  <testcase classname="apr3.PriorityTestNGClass" name="leave" time="4.591"/>
  <system-out>
    <![CDATA[Executing Leave Test]]>
  </system-out>
  <testcase classname="apr3.PriorityTestNGClass" name="admin" time="4.598"/>
  <system-out>
    <![CDATA[Executing Admin Test]]>
  </system-out>
</testsuite> <!-- apr3.PriorityTestNGClass -->
