<?xml version="1.0" encoding="UTF-8"?>
<!-- Generated by org.testng.reporters.JUnitReportReporter -->
<testsuite hostname="Nag" failures="0" tests="3" name="apr3.BeforeMethodTestNGClass" time="12.446" errors="0" timestamp="2024-04-27T17:50:10 IST" skipped="0">
  <testcase classname="apr3.BeforeMethodTestNGClass" name="pim" time="4.479"/>
  <system-out>
    <![CDATA[Executing PIM Test]]>
  </system-out>
  <testcase classname="apr3.BeforeMethodTestNGClass" name="leave" time="4.122"/>
  <system-out>
    <![CDATA[Executing Leave Test]]>
  </system-out>
  <testcase classname="apr3.BeforeMethodTestNGClass" name="admin" time="3.845"/>
  <system-out>
    <![CDATA[Executing Admin Test]]>
  </system-out>
</testsuite> <!-- apr3.BeforeMethodTestNGClass -->
