<?xml version="1.0" encoding="UTF-8"?>
<!-- Generated by org.testng.reporters.JUnitReportReporter -->
<testsuite hostname="Nag" failures="0" tests="3" name="apr2.FirstClass" time="0.015" errors="0" timestamp="2024-04-27T17:50:10 IST" skipped="0">
  <testcase classname="apr2.FirstClass" name="login" time="0.002"/>
  <system-out>
    <![CDATA[Executing login testing]]>
  </system-out>
  <testcase classname="apr2.FirstClass" name="reply" time="0.005"/>
  <system-out>
    <![CDATA[Executing Reply Testing]]>
  </system-out>
  <testcase classname="apr2.FirstClass" name="compose" time="0.008"/>
  <system-out>
    <![CDATA[executing Compose testing]]>
  </system-out>
</testsuite> <!-- apr2.FirstClass -->
