<?xml version="1.0" encoding="UTF-8"?>
<!-- Generated by org.testng.reporters.JUnitReportReporter -->
<testsuite hostname="Nag" failures="0" tests="3" name="apr3.SecondTestNGClass" time="13.066" errors="0" timestamp="2024-04-27T13:21:50 IST" skipped="0">
  <testcase classname="apr3.SecondTestNGClass" name="pim" time="4.865"/>
  <system-out>
    <![CDATA[Executing PIM Test]]>
  </system-out>
  <testcase classname="apr3.SecondTestNGClass" name="admin" time="3.932"/>
  <system-out>
    <![CDATA[Executing Admin Test]]>
  </system-out>
  <testcase classname="apr3.SecondTestNGClass" name="leave" time="4.269"/>
  <system-out>
    <![CDATA[Executing Leave Test]]>
  </system-out>
</testsuite> <!-- apr3.SecondTestNGClass -->
