<?xml version="1.0" encoding="UTF-8"?>
<!-- Generated by org.testng.reporters.JUnitReportReporter -->
<testsuite hostname="Nag" failures="0" tests="1" name="apr5.AssertTrue" time="4.493" errors="0" timestamp="2024-05-05T13:52:03 IST" skipped="0">
  <testcase classname="apr5.AssertTrue" name="startTest" time="4.493"/>
  <system-out>
    <![CDATA[Title is not Matching expected [true] but found [false]]]>
  </system-out>
</testsuite> <!-- apr5.AssertTrue -->
