<?xml version="1.0" encoding="UTF-8"?>
<!-- Generated by org.testng.reporters.JUnitReportReporter -->
<testsuite hostname="Nag" failures="0" tests="10" name="apr5.CrossbrowserTesting" time="32.293" errors="0" timestamp="2024-04-27T20:52:50 IST" skipped="0">
  <testcase classname="apr5.CrossbrowserTesting" name="verify_Login" time="3.099"/>
  <system-out>
    <![CDATA[Login Success::dashboard     http://orangehrm.qedgetech.com/symfony/web/index.php/dashboard]]>
  </system-out>
  <testcase classname="apr5.CrossbrowserTesting" name="verify_Login" time="2.906"/>
  <system-out>
    <![CDATA[Login Fail::dashboard     http://orangehrm.qedgetech.com/symfony/web/index.php/auth/validateCredentials]]>
  </system-out>
  <testcase classname="apr5.CrossbrowserTesting" name="verify_Login" time="3.644"/>
  <system-out>
    <![CDATA[Login Success::dashboard     http://orangehrm.qedgetech.com/symfony/web/index.php/dashboard]]>
  </system-out>
  <testcase classname="apr5.CrossbrowserTesting" name="verify_Login" time="4.162"/>
  <system-out>
    <![CDATA[Login Success::dashboard     http://orangehrm.qedgetech.com/symfony/web/index.php/dashboard]]>
  </system-out>
  <testcase classname="apr5.CrossbrowserTesting" name="verify_Login" time="3.096"/>
  <system-out>
    <![CDATA[Login Success::dashboard     http://orangehrm.qedgetech.com/symfony/web/index.php/dashboard]]>
  </system-out>
  <testcase classname="apr5.CrossbrowserTesting" name="verify_Login" time="2.921"/>
  <system-out>
    <![CDATA[Login Fail::dashboard     http://orangehrm.qedgetech.com/symfony/web/index.php/auth/validateCredentials]]>
  </system-out>
  <testcase classname="apr5.CrossbrowserTesting" name="verify_Login" time="3.900"/>
  <system-out>
    <![CDATA[Login Success::dashboard     http://orangehrm.qedgetech.com/symfony/web/index.php/dashboard]]>
  </system-out>
  <testcase classname="apr5.CrossbrowserTesting" name="verify_Login" time="2.564"/>
  <system-out>
    <![CDATA[Login Fail::dashboard     http://orangehrm.qedgetech.com/symfony/web/index.php/auth/validateCredentials]]>
  </system-out>
  <testcase classname="apr5.CrossbrowserTesting" name="verify_Login" time="2.753"/>
  <system-out>
    <![CDATA[Login Fail::dashboard     http://orangehrm.qedgetech.com/symfony/web/index.php/auth/validateCredentials]]>
  </system-out>
  <testcase classname="apr5.CrossbrowserTesting" name="verify_Login" time="3.248"/>
  <system-out>
    <![CDATA[Login Success::dashboard     http://orangehrm.qedgetech.com/symfony/web/index.php/dashboard]]>
  </system-out>
</testsuite> <!-- apr5.CrossbrowserTesting -->
