<?xml version="1.0" encoding="UTF-8"?>
<!-- Generated by org.testng.reporters.JUnitReportReporter -->
<testsuite hostname="Nag" failures="0" tests="1" name="apr5.VerifyTitle" time="3.460" errors="0" timestamp="2024-04-27T22:16:10 IST" skipped="0">
  <testcase classname="apr5.VerifyTitle" name="startTest" time="3.460"/>
  <system-out/>
</testsuite> <!-- apr5.VerifyTitle -->
