<?xml version="1.0" encoding="UTF-8"?>
<!-- Generated by org.testng.reporters.JUnitReportReporter -->
<testsuite hostname="Nag" failures="0" tests="1" name="apr5.AssertFalse" time="4.228" errors="0" timestamp="2024-05-05T13:55:56 IST" skipped="0">
  <testcase classname="apr5.AssertFalse" name="startTest" time="4.228"/>
  <system-out>
    <![CDATA[Title is Matching expected [false] but found [true]]]>
  </system-out>
</testsuite> <!-- apr5.AssertFalse -->
